<?xml version="1.0" encoding="UTF-8"?>
<testsuite xmlns:xsi="http://www.w3.org/2001/XMLSchema-instance" xsi:noNamespaceSchemaLocation="https://maven.apache.org/surefire/maven-surefire-plugin/xsd/surefire-test-report.xsd" version="3.0.2" name="TestSuite" time="20.071" tests="2" errors="0" skipped="0" failures="0">
  <properties>
[...]
</properties>
  <testcase name="testValidLogin" classname="tests.LoginPageTest" time="3.189">
    <system-out><![CDATA[17:29:07 [main] INFO  listeners.TestListener - ===== Test Suite Started: UI Tests =====
17:29:08 [TestNG-test-UI Tests-1] INFO  tests.LoginPageTest - Setting up the test environment
17:29:08 [TestNG-test-UI Tests-2] INFO  tests.LoginPageTest - Setting up the test environment
17:29:16 [TestNG-test-UI Tests-2] INFO  listeners.TestListener - ---- Test Started: testInvalidLogin ----
17:29:16 [TestNG-test-UI Tests-1] INFO  listeners.TestListener - ---- Test Started: testValidLogin ----
17:29:16 [TestNG-test-UI Tests-2] INFO  tests.LoginPageTest - entering invalid username
17:29:16 [TestNG-test-UI Tests-1] INFO  tests.LoginPageTest - entering valid username
17:29:18 [TestNG-test-UI Tests-1] INFO  tests.LoginPageTest - entering valid password
17:29:18 [TestNG-test-UI Tests-1] INFO  tests.LoginPageTest - clicking login button
17:29:19 [TestNG-test-UI Tests-2] INFO  tests.LoginPageTest - entering invalid password
Products
17:29:19 [TestNG-test-UI Tests-1] INFO  tests.LoginPageTest - Valid login test executed
17:29:19 [TestNG-test-UI Tests-1] INFO  listeners.TestListener - ✔ Test Passed: testValidLogin
]]></system-out>
    <system-err><![CDATA[SLF4J(W): No SLF4J providers were found.
SLF4J(W): Defaulting to no-operation (NOP) logger implementation
SLF4J(W): See https://www.slf4j.org/codes.html#noProviders for further details.
]]></system-err>
  </testcase>
  <testcase name="testInvalidLogin" classname="tests.LoginPageTest" time="4.386">
    <system-out><![CDATA[17:29:19 [TestNG-test-UI Tests-1] INFO  tests.LoginPageTest - Tearing down the test environment
17:29:20 [TestNG-test-UI Tests-2] INFO  tests.LoginPageTest - clicking login button
Epic sadface: Username and password do not match any user in this service
17:29:21 [TestNG-test-UI Tests-2] INFO  listeners.TestListener - ✔ Test Passed: testInvalidLogin
]]></system-out>
  </testcase>
</testsuite>