<?xml version="1.0" encoding="UTF-8"?>
<testng-results ignored="0" total="2" passed="2" failed="0" skipped="0">
  <reporter-output>
  </reporter-output>
  <suite started-at="2026-02-02T16:25:15 EST" name="UI Automation Suite" finished-at="2026-02-02T16:25:31 EST" duration-ms="15679">
    <groups>
    </groups>
    <test started-at="2026-02-02T16:25:15 EST" name="UI Tests" finished-at="2026-02-02T16:25:31 EST" duration-ms="15679">
      <class name="tests.LoginPageTest">
        <test-method is-config="true" signature="setUp()[pri:0, instance:tests.LoginPageTest@67427b69]" started-at="2026-02-02T16:25:16 EST" name="setUp" finished-at="2026-02-02T16:25:21 EST" duration-ms="5466" status="PASS">
          <reporter-output>
          </reporter-output>
        </test-method> <!-- setUp -->
        <test-method signature="testValidLogin()[pri:1, instance:tests.LoginPageTest@67427b69]" started-at="2026-02-02T16:25:21 EST" name="testValidLogin" finished-at="2026-02-02T16:25:23 EST" duration-ms="1939" status="PASS">
          <reporter-output>
          </reporter-output>
        </test-method> <!-- testValidLogin -->
        <test-method is-config="true" signature="tearDown()[pri:0, instance:tests.LoginPageTest@67427b69]" started-at="2026-02-02T16:25:23 EST" name="tearDown" finished-at="2026-02-02T16:25:25 EST" duration-ms="1959" status="PASS">
          <reporter-output>
          </reporter-output>
        </test-method> <!-- tearDown -->
        <test-method is-config="true" signature="setUp()[pri:0, instance:tests.LoginPageTest@67427b69]" started-at="2026-02-02T16:25:25 EST" name="setUp" finished-at="2026-02-02T16:25:29 EST" duration-ms="3667" status="PASS">
          <reporter-output>
          </reporter-output>
        </test-method> <!-- setUp -->
        <test-method signature="testInvalidLogin()[pri:2, instance:tests.LoginPageTest@67427b69]" started-at="2026-02-02T16:25:29 EST" name="testInvalidLogin" finished-at="2026-02-02T16:25:30 EST" duration-ms="1559" status="PASS">
          <reporter-output>
          </reporter-output>
        </test-method> <!-- testInvalidLogin -->
        <test-method is-config="true" signature="tearDown()[pri:0, instance:tests.LoginPageTest@67427b69]" started-at="2026-02-02T16:25:30 EST" name="tearDown" finished-at="2026-02-02T16:25:31 EST" duration-ms="706" status="PASS">
          <reporter-output>
          </reporter-output>
        </test-method> <!-- tearDown -->
      </class> <!-- tests.LoginPageTest -->
    </test> <!-- UI Tests -->
  </suite> <!-- UI Automation Suite -->
</testng-results>
